<?xml version="1.0" encoding="UTF-8"?>
<testng-results skipped="0" failed="0" ignored="0" total="1" passed="1">
  <reporter-output>
  </reporter-output>
  <suite name="Default suite" duration-ms="32311" started-at="2022-03-28T13:07:39 BDT" finished-at="2022-03-28T13:08:11 BDT">
    <groups>
    </groups>
    <test name="Default test" duration-ms="32311" started-at="2022-03-28T13:07:39 BDT" finished-at="2022-03-28T13:08:11 BDT">
      <class name="testcasePakageAdvance.Testcase010KeyboardEvent">
        <test-method status="PASS" signature="setup()[pri:0, instance:testcasePakageAdvance.Testcase010KeyboardEvent@5af3afd9]" name="setup" is-config="true" duration-ms="7968" started-at="2022-03-28T13:07:31 BDT" finished-at="2022-03-28T13:07:39 BDT">
          <reporter-output>
          </reporter-output>
        </test-method> <!-- setup -->
        <test-method status="PASS" signature="KeyboardEventCheck()[pri:0, instance:testcasePakageAdvance.Testcase010KeyboardEvent@5af3afd9]" name="KeyboardEventCheck" duration-ms="31993" started-at="2022-03-28T13:07:39 BDT" finished-at="2022-03-28T13:08:11 BDT">
          <reporter-output>
          </reporter-output>
        </test-method> <!-- KeyboardEventCheck -->
        <test-method status="PASS" signature="teardown()[pri:0, instance:testcasePakageAdvance.Testcase010KeyboardEvent@5af3afd9]" name="teardown" is-config="true" duration-ms="1716" started-at="2022-03-28T13:08:11 BDT" finished-at="2022-03-28T13:08:13 BDT">
          <reporter-output>
          </reporter-output>
        </test-method> <!-- teardown -->
      </class> <!-- testcasePakageAdvance.Testcase010KeyboardEvent -->
    </test> <!-- Default test -->
  </suite> <!-- Default suite -->
</testng-results>
